<?xml version="1.0" encoding="UTF-8"?>
<testng-results ignored="0" total="1" passed="1" failed="0" skipped="0">
  <reporter-output>
  </reporter-output>
  <suite started-at="2024-03-12T15:37:31 IST" name="Default suite" finished-at="2024-03-12T15:37:39 IST" duration-ms="8334">
    <groups>
    </groups>
    <test started-at="2024-03-12T15:37:31 IST" name="Default test" finished-at="2024-03-12T15:37:39 IST" duration-ms="8334">
      <class name="com.testcase.TS_DWS_001test">
        <test-method signature="enetringDataintoSearchField()[pri:0, instance:com.testcase.TS_DWS_001test@6bd61f98]" started-at="2024-03-12T15:37:31 IST" name="enetringDataintoSearchField" finished-at="2024-03-12T15:37:39 IST" duration-ms="8288" status="PASS">
          <reporter-output>
          </reporter-output>
        </test-method> <!-- enetringDataintoSearchField -->
      </class> <!-- com.testcase.TS_DWS_001test -->
    </test> <!-- Default test -->
  </suite> <!-- Default suite -->
</testng-results>
